[2026-01-10T11:53:50.467Z] ERROR: request entity too large
PayloadTooLargeError: request entity too large
    at readStream (/Users/viswanathreddy/Desktop/Sharkfunded/crmsharkfunded/backend/node_modules/raw-body/index.js:163:17)
    at getRawBody (/Users/viswanathreddy/Desktop/Sharkfunded/crmsharkfunded/backend/node_modules/raw-body/index.js:116:12)
    at read (/Users/viswanathreddy/Desktop/Sharkfunded/crmsharkfunded/backend/node_modules/body-parser/lib/read.js:79:3)
    at jsonParser (/Users/viswanathreddy/Desktop/Sharkfunded/crmsharkfunded/backend/node_modules/body-parser/lib/types/json.js:138:5)
    at Layer.handle [as handle_request] (/Users/viswanathreddy/Desktop/Sharkfunded/crmsharkfunded/backend/node_modules/express/lib/router/layer.js:95:5)
    at trim_prefix (/Users/viswanathreddy/Desktop/Sharkfunded/crmsharkfunded/backend/node_modules/express/lib/router/index.js:328:13)
    at /Users/viswanathreddy/Desktop/Sharkfunded/crmsharkfunded/backend/node_modules/express/lib/router/index.js:286:9
    at router.process_params (/Users/viswanathreddy/Desktop/Sharkfunded/crmsharkfunded/backend/node_modules/express/lib/router/index.js:346:12)
    at next (/Users/viswanathreddy/Desktop/Sharkfunded/crmsharkfunded/backend/node_modules/express/lib/router/index.js:280:10)
    at cors (/Users/viswanathreddy/Desktop/Sharkfunded/crmsharkfunded/backend/node_modules/cors/lib/index.js:188:7)

[2026-01-10T11:53:53.357Z] ERROR: request entity too large
PayloadTooLargeError: request entity too large
    at readStream (/Users/viswanathreddy/Desktop/Sharkfunded/crmsharkfunded/backend/node_modules/raw-body/index.js:163:17)
    at getRawBody (/Users/viswanathreddy/Desktop/Sharkfunded/crmsharkfunded/backend/node_modules/raw-body/index.js:116:12)
    at read (/Users/viswanathreddy/Desktop/Sharkfunded/crmsharkfunded/backend/node_modules/body-parser/lib/read.js:79:3)
    at jsonParser (/Users/viswanathreddy/Desktop/Sharkfunded/crmsharkfunded/backend/node_modules/body-parser/lib/types/json.js:138:5)
    at Layer.handle [as handle_request] (/Users/viswanathreddy/Desktop/Sharkfunded/crmsharkfunded/backend/node_modules/express/lib/router/layer.js:95:5)
    at trim_prefix (/Users/viswanathreddy/Desktop/Sharkfunded/crmsharkfunded/backend/node_modules/express/lib/router/index.js:328:13)
    at /Users/viswanathreddy/Desktop/Sharkfunded/crmsharkfunded/backend/node_modules/express/lib/router/index.js:286:9
    at router.process_params (/Users/viswanathreddy/Desktop/Sharkfunded/crmsharkfunded/backend/node_modules/express/lib/router/index.js:346:12)
    at next (/Users/viswanathreddy/Desktop/Sharkfunded/crmsharkfunded/backend/node_modules/express/lib/router/index.js:280:10)
    at cors (/Users/viswanathreddy/Desktop/Sharkfunded/crmsharkfunded/backend/node_modules/cors/lib/index.js:188:7)

[2026-01-10T11:53:57.953Z] ERROR: request entity too large
PayloadTooLargeError: request entity too large
    at readStream (/Users/viswanathreddy/Desktop/Sharkfunded/crmsharkfunded/backend/node_modules/raw-body/index.js:163:17)
    at getRawBody (/Users/viswanathreddy/Desktop/Sharkfunded/crmsharkfunded/backend/node_modules/raw-body/index.js:116:12)
    at read (/Users/viswanathreddy/Desktop/Sharkfunded/crmsharkfunded/backend/node_modules/body-parser/lib/read.js:79:3)
    at jsonParser (/Users/viswanathreddy/Desktop/Sharkfunded/crmsharkfunded/backend/node_modules/body-parser/lib/types/json.js:138:5)
    at Layer.handle [as handle_request] (/Users/viswanathreddy/Desktop/Sharkfunded/crmsharkfunded/backend/node_modules/express/lib/router/layer.js:95:5)
    at trim_prefix (/Users/viswanathreddy/Desktop/Sharkfunded/crmsharkfunded/backend/node_modules/express/lib/router/index.js:328:13)
    at /Users/viswanathreddy/Desktop/Sharkfunded/crmsharkfunded/backend/node_modules/express/lib/router/index.js:286:9
    at router.process_params (/Users/viswanathreddy/Desktop/Sharkfunded/crmsharkfunded/backend/node_modules/express/lib/router/index.js:346:12)
    at next (/Users/viswanathreddy/Desktop/Sharkfunded/crmsharkfunded/backend/node_modules/express/lib/router/index.js:280:10)
    at cors (/Users/viswanathreddy/Desktop/Sharkfunded/crmsharkfunded/backend/node_modules/cors/lib/index.js:188:7)

[2026-01-10T11:54:06.848Z] ERROR: request entity too large
PayloadTooLargeError: request entity too large
    at readStream (/Users/viswanathreddy/Desktop/Sharkfunded/crmsharkfunded/backend/node_modules/raw-body/index.js:163:17)
    at getRawBody (/Users/viswanathreddy/Desktop/Sharkfunded/crmsharkfunded/backend/node_modules/raw-body/index.js:116:12)
    at read (/Users/viswanathreddy/Desktop/Sharkfunded/crmsharkfunded/backend/node_modules/body-parser/lib/read.js:79:3)
    at jsonParser (/Users/viswanathreddy/Desktop/Sharkfunded/crmsharkfunded/backend/node_modules/body-parser/lib/types/json.js:138:5)
    at Layer.handle [as handle_request] (/Users/viswanathreddy/Desktop/Sharkfunded/crmsharkfunded/backend/node_modules/express/lib/router/layer.js:95:5)
    at trim_prefix (/Users/viswanathreddy/Desktop/Sharkfunded/crmsharkfunded/backend/node_modules/express/lib/router/index.js:328:13)
    at /Users/viswanathreddy/Desktop/Sharkfunded/crmsharkfunded/backend/node_modules/express/lib/router/index.js:286:9
    at router.process_params (/Users/viswanathreddy/Desktop/Sharkfunded/crmsharkfunded/backend/node_modules/express/lib/router/index.js:346:12)
    at next (/Users/viswanathreddy/Desktop/Sharkfunded/crmsharkfunded/backend/node_modules/express/lib/router/index.js:280:10)
    at cors (/Users/viswanathreddy/Desktop/Sharkfunded/crmsharkfunded/backend/node_modules/cors/lib/index.js:188:7)

[2026-01-10T11:54:21.048Z] ERROR: request entity too large
PayloadTooLargeError: request entity too large
    at readStream (/Users/viswanathreddy/Desktop/Sharkfunded/crmsharkfunded/backend/node_modules/raw-body/index.js:163:17)
    at getRawBody (/Users/viswanathreddy/Desktop/Sharkfunded/crmsharkfunded/backend/node_modules/raw-body/index.js:116:12)
    at read (/Users/viswanathreddy/Desktop/Sharkfunded/crmsharkfunded/backend/node_modules/body-parser/lib/read.js:79:3)
    at jsonParser (/Users/viswanathreddy/Desktop/Sharkfunded/crmsharkfunded/backend/node_modules/body-parser/lib/types/json.js:138:5)
    at Layer.handle [as handle_request] (/Users/viswanathreddy/Desktop/Sharkfunded/crmsharkfunded/backend/node_modules/express/lib/router/layer.js:95:5)
    at trim_prefix (/Users/viswanathreddy/Desktop/Sharkfunded/crmsharkfunded/backend/node_modules/express/lib/router/index.js:328:13)
    at /Users/viswanathreddy/Desktop/Sharkfunded/crmsharkfunded/backend/node_modules/express/lib/router/index.js:286:9
    at router.process_params (/Users/viswanathreddy/Desktop/Sharkfunded/crmsharkfunded/backend/node_modules/express/lib/router/index.js:346:12)
    at next (/Users/viswanathreddy/Desktop/Sharkfunded/crmsharkfunded/backend/node_modules/express/lib/router/index.js:280:10)
    at cors (/Users/viswanathreddy/Desktop/Sharkfunded/crmsharkfunded/backend/node_modules/cors/lib/index.js:188:7)

[2026-01-10T11:54:24.026Z] ERROR: request entity too large
PayloadTooLargeError: request entity too large
    at readStream (/Users/viswanathreddy/Desktop/Sharkfunded/crmsharkfunded/backend/node_modules/raw-body/index.js:163:17)
    at getRawBody (/Users/viswanathreddy/Desktop/Sharkfunded/crmsharkfunded/backend/node_modules/raw-body/index.js:116:12)
    at read (/Users/viswanathreddy/Desktop/Sharkfunded/crmsharkfunded/backend/node_modules/body-parser/lib/read.js:79:3)
    at jsonParser (/Users/viswanathreddy/Desktop/Sharkfunded/crmsharkfunded/backend/node_modules/body-parser/lib/types/json.js:138:5)
    at Layer.handle [as handle_request] (/Users/viswanathreddy/Desktop/Sharkfunded/crmsharkfunded/backend/node_modules/express/lib/router/layer.js:95:5)
    at trim_prefix (/Users/viswanathreddy/Desktop/Sharkfunded/crmsharkfunded/backend/node_modules/express/lib/router/index.js:328:13)
    at /Users/viswanathreddy/Desktop/Sharkfunded/crmsharkfunded/backend/node_modules/express/lib/router/index.js:286:9
    at router.process_params (/Users/viswanathreddy/Desktop/Sharkfunded/crmsharkfunded/backend/node_modules/express/lib/router/index.js:346:12)
    at next (/Users/viswanathreddy/Desktop/Sharkfunded/crmsharkfunded/backend/node_modules/express/lib/router/index.js:280:10)
    at cors (/Users/viswanathreddy/Desktop/Sharkfunded/crmsharkfunded/backend/node_modules/cors/lib/index.js:188:7)

[2026-01-10T11:54:36.010Z] ERROR: request entity too large
PayloadTooLargeError: request entity too large
    at readStream (/Users/viswanathreddy/Desktop/Sharkfunded/crmsharkfunded/backend/node_modules/raw-body/index.js:163:17)
    at getRawBody (/Users/viswanathreddy/Desktop/Sharkfunded/crmsharkfunded/backend/node_modules/raw-body/index.js:116:12)
    at read (/Users/viswanathreddy/Desktop/Sharkfunded/crmsharkfunded/backend/node_modules/body-parser/lib/read.js:79:3)
    at jsonParser (/Users/viswanathreddy/Desktop/Sharkfunded/crmsharkfunded/backend/node_modules/body-parser/lib/types/json.js:138:5)
    at Layer.handle [as handle_request] (/Users/viswanathreddy/Desktop/Sharkfunded/crmsharkfunded/backend/node_modules/express/lib/router/layer.js:95:5)
    at trim_prefix (/Users/viswanathreddy/Desktop/Sharkfunded/crmsharkfunded/backend/node_modules/express/lib/router/index.js:328:13)
    at /Users/viswanathreddy/Desktop/Sharkfunded/crmsharkfunded/backend/node_modules/express/lib/router/index.js:286:9
    at router.process_params (/Users/viswanathreddy/Desktop/Sharkfunded/crmsharkfunded/backend/node_modules/express/lib/router/index.js:346:12)
    at next (/Users/viswanathreddy/Desktop/Sharkfunded/crmsharkfunded/backend/node_modules/express/lib/router/index.js:280:10)
    at cors (/Users/viswanathreddy/Desktop/Sharkfunded/crmsharkfunded/backend/node_modules/cors/lib/index.js:188:7)

[2026-01-10T11:54:41.781Z] ERROR: request entity too large
PayloadTooLargeError: request entity too large
    at readStream (/Users/viswanathreddy/Desktop/Sharkfunded/crmsharkfunded/backend/node_modules/raw-body/index.js:163:17)
    at getRawBody (/Users/viswanathreddy/Desktop/Sharkfunded/crmsharkfunded/backend/node_modules/raw-body/index.js:116:12)
    at read (/Users/viswanathreddy/Desktop/Sharkfunded/crmsharkfunded/backend/node_modules/body-parser/lib/read.js:79:3)
    at jsonParser (/Users/viswanathreddy/Desktop/Sharkfunded/crmsharkfunded/backend/node_modules/body-parser/lib/types/json.js:138:5)
    at Layer.handle [as handle_request] (/Users/viswanathreddy/Desktop/Sharkfunded/crmsharkfunded/backend/node_modules/express/lib/router/layer.js:95:5)
    at trim_prefix (/Users/viswanathreddy/Desktop/Sharkfunded/crmsharkfunded/backend/node_modules/express/lib/router/index.js:328:13)
    at /Users/viswanathreddy/Desktop/Sharkfunded/crmsharkfunded/backend/node_modules/express/lib/router/index.js:286:9
    at router.process_params (/Users/viswanathreddy/Desktop/Sharkfunded/crmsharkfunded/backend/node_modules/express/lib/router/index.js:346:12)
    at next (/Users/viswanathreddy/Desktop/Sharkfunded/crmsharkfunded/backend/node_modules/express/lib/router/index.js:280:10)
    at cors (/Users/viswanathreddy/Desktop/Sharkfunded/crmsharkfunded/backend/node_modules/cors/lib/index.js:188:7)

[2026-01-10T11:54:44.488Z] ERROR: request entity too large
PayloadTooLargeError: request entity too large
    at readStream (/Users/viswanathreddy/Desktop/Sharkfunded/crmsharkfunded/backend/node_modules/raw-body/index.js:163:17)
    at getRawBody (/Users/viswanathreddy/Desktop/Sharkfunded/crmsharkfunded/backend/node_modules/raw-body/index.js:116:12)
    at read (/Users/viswanathreddy/Desktop/Sharkfunded/crmsharkfunded/backend/node_modules/body-parser/lib/read.js:79:3)
    at jsonParser (/Users/viswanathreddy/Desktop/Sharkfunded/crmsharkfunded/backend/node_modules/body-parser/lib/types/json.js:138:5)
    at Layer.handle [as handle_request] (/Users/viswanathreddy/Desktop/Sharkfunded/crmsharkfunded/backend/node_modules/express/lib/router/layer.js:95:5)
    at trim_prefix (/Users/viswanathreddy/Desktop/Sharkfunded/crmsharkfunded/backend/node_modules/express/lib/router/index.js:328:13)
    at /Users/viswanathreddy/Desktop/Sharkfunded/crmsharkfunded/backend/node_modules/express/lib/router/index.js:286:9
    at router.process_params (/Users/viswanathreddy/Desktop/Sharkfunded/crmsharkfunded/backend/node_modules/express/lib/router/index.js:346:12)
    at next (/Users/viswanathreddy/Desktop/Sharkfunded/crmsharkfunded/backend/node_modules/express/lib/router/index.js:280:10)
    at cors (/Users/viswanathreddy/Desktop/Sharkfunded/crmsharkfunded/backend/node_modules/cors/lib/index.js:188:7)

[2026-01-10T11:54:49.374Z] ERROR: request entity too large
PayloadTooLargeError: request entity too large
    at readStream (/Users/viswanathreddy/Desktop/Sharkfunded/crmsharkfunded/backend/node_modules/raw-body/index.js:163:17)
    at getRawBody (/Users/viswanathreddy/Desktop/Sharkfunded/crmsharkfunded/backend/node_modules/raw-body/index.js:116:12)
    at read (/Users/viswanathreddy/Desktop/Sharkfunded/crmsharkfunded/backend/node_modules/body-parser/lib/read.js:79:3)
    at jsonParser (/Users/viswanathreddy/Desktop/Sharkfunded/crmsharkfunded/backend/node_modules/body-parser/lib/types/json.js:138:5)
    at Layer.handle [as handle_request] (/Users/viswanathreddy/Desktop/Sharkfunded/crmsharkfunded/backend/node_modules/express/lib/router/layer.js:95:5)
    at trim_prefix (/Users/viswanathreddy/Desktop/Sharkfunded/crmsharkfunded/backend/node_modules/express/lib/router/index.js:328:13)
    at /Users/viswanathreddy/Desktop/Sharkfunded/crmsharkfunded/backend/node_modules/express/lib/router/index.js:286:9
    at router.process_params (/Users/viswanathreddy/Desktop/Sharkfunded/crmsharkfunded/backend/node_modules/express/lib/router/index.js:346:12)
    at next (/Users/viswanathreddy/Desktop/Sharkfunded/crmsharkfunded/backend/node_modules/express/lib/router/index.js:280:10)
    at cors (/Users/viswanathreddy/Desktop/Sharkfunded/crmsharkfunded/backend/node_modules/cors/lib/index.js:188:7)

[2026-01-10T11:54:50.373Z] ERROR: request entity too large
PayloadTooLargeError: request entity too large
    at readStream (/Users/viswanathreddy/Desktop/Sharkfunded/crmsharkfunded/backend/node_modules/raw-body/index.js:163:17)
    at getRawBody (/Users/viswanathreddy/Desktop/Sharkfunded/crmsharkfunded/backend/node_modules/raw-body/index.js:116:12)
    at read (/Users/viswanathreddy/Desktop/Sharkfunded/crmsharkfunded/backend/node_modules/body-parser/lib/read.js:79:3)
    at jsonParser (/Users/viswanathreddy/Desktop/Sharkfunded/crmsharkfunded/backend/node_modules/body-parser/lib/types/json.js:138:5)
    at Layer.handle [as handle_request] (/Users/viswanathreddy/Desktop/Sharkfunded/crmsharkfunded/backend/node_modules/express/lib/router/layer.js:95:5)
    at trim_prefix (/Users/viswanathreddy/Desktop/Sharkfunded/crmsharkfunded/backend/node_modules/express/lib/router/index.js:328:13)
    at /Users/viswanathreddy/Desktop/Sharkfunded/crmsharkfunded/backend/node_modules/express/lib/router/index.js:286:9
    at router.process_params (/Users/viswanathreddy/Desktop/Sharkfunded/crmsharkfunded/backend/node_modules/express/lib/router/index.js:346:12)
    at next (/Users/viswanathreddy/Desktop/Sharkfunded/crmsharkfunded/backend/node_modules/express/lib/router/index.js:280:10)
    at cors (/Users/viswanathreddy/Desktop/Sharkfunded/crmsharkfunded/backend/node_modules/cors/lib/index.js:188:7)

[2026-01-10T12:40:06.701Z] ERROR: request entity too large
PayloadTooLargeError: request entity too large
    at readStream (/Users/viswanathreddy/Desktop/Sharkfunded/crmsharkfunded/backend/node_modules/raw-body/index.js:163:17)
    at getRawBody (/Users/viswanathreddy/Desktop/Sharkfunded/crmsharkfunded/backend/node_modules/raw-body/index.js:116:12)
    at read (/Users/viswanathreddy/Desktop/Sharkfunded/crmsharkfunded/backend/node_modules/body-parser/lib/read.js:79:3)
    at jsonParser (/Users/viswanathreddy/Desktop/Sharkfunded/crmsharkfunded/backend/node_modules/body-parser/lib/types/json.js:138:5)
    at Layer.handle [as handle_request] (/Users/viswanathreddy/Desktop/Sharkfunded/crmsharkfunded/backend/node_modules/express/lib/router/layer.js:95:5)
    at trim_prefix (/Users/viswanathreddy/Desktop/Sharkfunded/crmsharkfunded/backend/node_modules/express/lib/router/index.js:328:13)
    at /Users/viswanathreddy/Desktop/Sharkfunded/crmsharkfunded/backend/node_modules/express/lib/router/index.js:286:9
    at router.process_params (/Users/viswanathreddy/Desktop/Sharkfunded/crmsharkfunded/backend/node_modules/express/lib/router/index.js:346:12)
    at next (/Users/viswanathreddy/Desktop/Sharkfunded/crmsharkfunded/backend/node_modules/express/lib/router/index.js:280:10)
    at cors (/Users/viswanathreddy/Desktop/Sharkfunded/crmsharkfunded/backend/node_modules/cors/lib/index.js:188:7)

[2026-01-10T12:40:13.465Z] ERROR: request entity too large
PayloadTooLargeError: request entity too large
    at readStream (/Users/viswanathreddy/Desktop/Sharkfunded/crmsharkfunded/backend/node_modules/raw-body/index.js:163:17)
    at getRawBody (/Users/viswanathreddy/Desktop/Sharkfunded/crmsharkfunded/backend/node_modules/raw-body/index.js:116:12)
    at read (/Users/viswanathreddy/Desktop/Sharkfunded/crmsharkfunded/backend/node_modules/body-parser/lib/read.js:79:3)
    at jsonParser (/Users/viswanathreddy/Desktop/Sharkfunded/crmsharkfunded/backend/node_modules/body-parser/lib/types/json.js:138:5)
    at Layer.handle [as handle_request] (/Users/viswanathreddy/Desktop/Sharkfunded/crmsharkfunded/backend/node_modules/express/lib/router/layer.js:95:5)
    at trim_prefix (/Users/viswanathreddy/Desktop/Sharkfunded/crmsharkfunded/backend/node_modules/express/lib/router/index.js:328:13)
    at /Users/viswanathreddy/Desktop/Sharkfunded/crmsharkfunded/backend/node_modules/express/lib/router/index.js:286:9
    at router.process_params (/Users/viswanathreddy/Desktop/Sharkfunded/crmsharkfunded/backend/node_modules/express/lib/router/index.js:346:12)
    at next (/Users/viswanathreddy/Desktop/Sharkfunded/crmsharkfunded/backend/node_modules/express/lib/router/index.js:280:10)
    at cors (/Users/viswanathreddy/Desktop/Sharkfunded/crmsharkfunded/backend/node_modules/cors/lib/index.js:188:7)

[2026-01-10T12:40:18.903Z] ERROR: request entity too large
PayloadTooLargeError: request entity too large
    at readStream (/Users/viswanathreddy/Desktop/Sharkfunded/crmsharkfunded/backend/node_modules/raw-body/index.js:163:17)
    at getRawBody (/Users/viswanathreddy/Desktop/Sharkfunded/crmsharkfunded/backend/node_modules/raw-body/index.js:116:12)
    at read (/Users/viswanathreddy/Desktop/Sharkfunded/crmsharkfunded/backend/node_modules/body-parser/lib/read.js:79:3)
    at jsonParser (/Users/viswanathreddy/Desktop/Sharkfunded/crmsharkfunded/backend/node_modules/body-parser/lib/types/json.js:138:5)
    at Layer.handle [as handle_request] (/Users/viswanathreddy/Desktop/Sharkfunded/crmsharkfunded/backend/node_modules/express/lib/router/layer.js:95:5)
    at trim_prefix (/Users/viswanathreddy/Desktop/Sharkfunded/crmsharkfunded/backend/node_modules/express/lib/router/index.js:328:13)
    at /Users/viswanathreddy/Desktop/Sharkfunded/crmsharkfunded/backend/node_modules/express/lib/router/index.js:286:9
    at router.process_params (/Users/viswanathreddy/Desktop/Sharkfunded/crmsharkfunded/backend/node_modules/express/lib/router/index.js:346:12)
    at next (/Users/viswanathreddy/Desktop/Sharkfunded/crmsharkfunded/backend/node_modules/express/lib/router/index.js:280:10)
    at cors (/Users/viswanathreddy/Desktop/Sharkfunded/crmsharkfunded/backend/node_modules/cors/lib/index.js:188:7)

[2026-01-10T12:40:22.334Z] ERROR: request entity too large
PayloadTooLargeError: request entity too large
    at readStream (/Users/viswanathreddy/Desktop/Sharkfunded/crmsharkfunded/backend/node_modules/raw-body/index.js:163:17)
    at getRawBody (/Users/viswanathreddy/Desktop/Sharkfunded/crmsharkfunded/backend/node_modules/raw-body/index.js:116:12)
    at read (/Users/viswanathreddy/Desktop/Sharkfunded/crmsharkfunded/backend/node_modules/body-parser/lib/read.js:79:3)
    at jsonParser (/Users/viswanathreddy/Desktop/Sharkfunded/crmsharkfunded/backend/node_modules/body-parser/lib/types/json.js:138:5)
    at Layer.handle [as handle_request] (/Users/viswanathreddy/Desktop/Sharkfunded/crmsharkfunded/backend/node_modules/express/lib/router/layer.js:95:5)
    at trim_prefix (/Users/viswanathreddy/Desktop/Sharkfunded/crmsharkfunded/backend/node_modules/express/lib/router/index.js:328:13)
    at /Users/viswanathreddy/Desktop/Sharkfunded/crmsharkfunded/backend/node_modules/express/lib/router/index.js:286:9
    at router.process_params (/Users/viswanathreddy/Desktop/Sharkfunded/crmsharkfunded/backend/node_modules/express/lib/router/index.js:346:12)
    at next (/Users/viswanathreddy/Desktop/Sharkfunded/crmsharkfunded/backend/node_modules/express/lib/router/index.js:280:10)
    at cors (/Users/viswanathreddy/Desktop/Sharkfunded/crmsharkfunded/backend/node_modules/cors/lib/index.js:188:7)

[2026-01-10T12:40:47.451Z] ERROR: request entity too large
PayloadTooLargeError: request entity too large
    at readStream (/Users/viswanathreddy/Desktop/Sharkfunded/crmsharkfunded/backend/node_modules/raw-body/index.js:163:17)
    at getRawBody (/Users/viswanathreddy/Desktop/Sharkfunded/crmsharkfunded/backend/node_modules/raw-body/index.js:116:12)
    at read (/Users/viswanathreddy/Desktop/Sharkfunded/crmsharkfunded/backend/node_modules/body-parser/lib/read.js:79:3)
    at jsonParser (/Users/viswanathreddy/Desktop/Sharkfunded/crmsharkfunded/backend/node_modules/body-parser/lib/types/json.js:138:5)
    at Layer.handle [as handle_request] (/Users/viswanathreddy/Desktop/Sharkfunded/crmsharkfunded/backend/node_modules/express/lib/router/layer.js:95:5)
    at trim_prefix (/Users/viswanathreddy/Desktop/Sharkfunded/crmsharkfunded/backend/node_modules/express/lib/router/index.js:328:13)
    at /Users/viswanathreddy/Desktop/Sharkfunded/crmsharkfunded/backend/node_modules/express/lib/router/index.js:286:9
    at router.process_params (/Users/viswanathreddy/Desktop/Sharkfunded/crmsharkfunded/backend/node_modules/express/lib/router/index.js:346:12)
    at next (/Users/viswanathreddy/Desktop/Sharkfunded/crmsharkfunded/backend/node_modules/express/lib/router/index.js:280:10)
    at cors (/Users/viswanathreddy/Desktop/Sharkfunded/crmsharkfunded/backend/node_modules/cors/lib/index.js:188:7)

[2026-01-10T12:40:50.819Z] ERROR: request entity too large
PayloadTooLargeError: request entity too large
    at readStream (/Users/viswanathreddy/Desktop/Sharkfunded/crmsharkfunded/backend/node_modules/raw-body/index.js:163:17)
    at getRawBody (/Users/viswanathreddy/Desktop/Sharkfunded/crmsharkfunded/backend/node_modules/raw-body/index.js:116:12)
    at read (/Users/viswanathreddy/Desktop/Sharkfunded/crmsharkfunded/backend/node_modules/body-parser/lib/read.js:79:3)
    at jsonParser (/Users/viswanathreddy/Desktop/Sharkfunded/crmsharkfunded/backend/node_modules/body-parser/lib/types/json.js:138:5)
    at Layer.handle [as handle_request] (/Users/viswanathreddy/Desktop/Sharkfunded/crmsharkfunded/backend/node_modules/express/lib/router/layer.js:95:5)
    at trim_prefix (/Users/viswanathreddy/Desktop/Sharkfunded/crmsharkfunded/backend/node_modules/express/lib/router/index.js:328:13)
    at /Users/viswanathreddy/Desktop/Sharkfunded/crmsharkfunded/backend/node_modules/express/lib/router/index.js:286:9
    at router.process_params (/Users/viswanathreddy/Desktop/Sharkfunded/crmsharkfunded/backend/node_modules/express/lib/router/index.js:346:12)
    at next (/Users/viswanathreddy/Desktop/Sharkfunded/crmsharkfunded/backend/node_modules/express/lib/router/index.js:280:10)
    at cors (/Users/viswanathreddy/Desktop/Sharkfunded/crmsharkfunded/backend/node_modules/cors/lib/index.js:188:7)

[2026-01-10T12:43:52.304Z] ERROR: request entity too large
PayloadTooLargeError: request entity too large
    at readStream (/Users/viswanathreddy/Desktop/Sharkfunded/crmsharkfunded/backend/node_modules/raw-body/index.js:163:17)
    at getRawBody (/Users/viswanathreddy/Desktop/Sharkfunded/crmsharkfunded/backend/node_modules/raw-body/index.js:116:12)
    at read (/Users/viswanathreddy/Desktop/Sharkfunded/crmsharkfunded/backend/node_modules/body-parser/lib/read.js:79:3)
    at jsonParser (/Users/viswanathreddy/Desktop/Sharkfunded/crmsharkfunded/backend/node_modules/body-parser/lib/types/json.js:138:5)
    at Layer.handle [as handle_request] (/Users/viswanathreddy/Desktop/Sharkfunded/crmsharkfunded/backend/node_modules/express/lib/router/layer.js:95:5)
    at trim_prefix (/Users/viswanathreddy/Desktop/Sharkfunded/crmsharkfunded/backend/node_modules/express/lib/router/index.js:328:13)
    at /Users/viswanathreddy/Desktop/Sharkfunded/crmsharkfunded/backend/node_modules/express/lib/router/index.js:286:9
    at router.process_params (/Users/viswanathreddy/Desktop/Sharkfunded/crmsharkfunded/backend/node_modules/express/lib/router/index.js:346:12)
    at next (/Users/viswanathreddy/Desktop/Sharkfunded/crmsharkfunded/backend/node_modules/express/lib/router/index.js:280:10)
    at cors (/Users/viswanathreddy/Desktop/Sharkfunded/crmsharkfunded/backend/node_modules/cors/lib/index.js:188:7)

[2026-01-10T12:43:57.601Z] ERROR: request entity too large
PayloadTooLargeError: request entity too large
    at readStream (/Users/viswanathreddy/Desktop/Sharkfunded/crmsharkfunded/backend/node_modules/raw-body/index.js:163:17)
    at getRawBody (/Users/viswanathreddy/Desktop/Sharkfunded/crmsharkfunded/backend/node_modules/raw-body/index.js:116:12)
    at read (/Users/viswanathreddy/Desktop/Sharkfunded/crmsharkfunded/backend/node_modules/body-parser/lib/read.js:79:3)
    at jsonParser (/Users/viswanathreddy/Desktop/Sharkfunded/crmsharkfunded/backend/node_modules/body-parser/lib/types/json.js:138:5)
    at Layer.handle [as handle_request] (/Users/viswanathreddy/Desktop/Sharkfunded/crmsharkfunded/backend/node_modules/express/lib/router/layer.js:95:5)
    at trim_prefix (/Users/viswanathreddy/Desktop/Sharkfunded/crmsharkfunded/backend/node_modules/express/lib/router/index.js:328:13)
    at /Users/viswanathreddy/Desktop/Sharkfunded/crmsharkfunded/backend/node_modules/express/lib/router/index.js:286:9
    at router.process_params (/Users/viswanathreddy/Desktop/Sharkfunded/crmsharkfunded/backend/node_modules/express/lib/router/index.js:346:12)
    at next (/Users/viswanathreddy/Desktop/Sharkfunded/crmsharkfunded/backend/node_modules/express/lib/router/index.js:280:10)
    at cors (/Users/viswanathreddy/Desktop/Sharkfunded/crmsharkfunded/backend/node_modules/cors/lib/index.js:188:7)

[2026-01-10T12:44:02.358Z] ERROR: request entity too large
PayloadTooLargeError: request entity too large
    at readStream (/Users/viswanathreddy/Desktop/Sharkfunded/crmsharkfunded/backend/node_modules/raw-body/index.js:163:17)
    at getRawBody (/Users/viswanathreddy/Desktop/Sharkfunded/crmsharkfunded/backend/node_modules/raw-body/index.js:116:12)
    at read (/Users/viswanathreddy/Desktop/Sharkfunded/crmsharkfunded/backend/node_modules/body-parser/lib/read.js:79:3)
    at jsonParser (/Users/viswanathreddy/Desktop/Sharkfunded/crmsharkfunded/backend/node_modules/body-parser/lib/types/json.js:138:5)
    at Layer.handle [as handle_request] (/Users/viswanathreddy/Desktop/Sharkfunded/crmsharkfunded/backend/node_modules/express/lib/router/layer.js:95:5)
    at trim_prefix (/Users/viswanathreddy/Desktop/Sharkfunded/crmsharkfunded/backend/node_modules/express/lib/router/index.js:328:13)
    at /Users/viswanathreddy/Desktop/Sharkfunded/crmsharkfunded/backend/node_modules/express/lib/router/index.js:286:9
    at router.process_params (/Users/viswanathreddy/Desktop/Sharkfunded/crmsharkfunded/backend/node_modules/express/lib/router/index.js:346:12)
    at next (/Users/viswanathreddy/Desktop/Sharkfunded/crmsharkfunded/backend/node_modules/express/lib/router/index.js:280:10)
    at cors (/Users/viswanathreddy/Desktop/Sharkfunded/crmsharkfunded/backend/node_modules/cors/lib/index.js:188:7)

[2026-01-10T12:44:04.118Z] ERROR: request entity too large
PayloadTooLargeError: request entity too large
    at readStream (/Users/viswanathreddy/Desktop/Sharkfunded/crmsharkfunded/backend/node_modules/raw-body/index.js:163:17)
    at getRawBody (/Users/viswanathreddy/Desktop/Sharkfunded/crmsharkfunded/backend/node_modules/raw-body/index.js:116:12)
    at read (/Users/viswanathreddy/Desktop/Sharkfunded/crmsharkfunded/backend/node_modules/body-parser/lib/read.js:79:3)
    at jsonParser (/Users/viswanathreddy/Desktop/Sharkfunded/crmsharkfunded/backend/node_modules/body-parser/lib/types/json.js:138:5)
    at Layer.handle [as handle_request] (/Users/viswanathreddy/Desktop/Sharkfunded/crmsharkfunded/backend/node_modules/express/lib/router/layer.js:95:5)
    at trim_prefix (/Users/viswanathreddy/Desktop/Sharkfunded/crmsharkfunded/backend/node_modules/express/lib/router/index.js:328:13)
    at /Users/viswanathreddy/Desktop/Sharkfunded/crmsharkfunded/backend/node_modules/express/lib/router/index.js:286:9
    at router.process_params (/Users/viswanathreddy/Desktop/Sharkfunded/crmsharkfunded/backend/node_modules/express/lib/router/index.js:346:12)
    at next (/Users/viswanathreddy/Desktop/Sharkfunded/crmsharkfunded/backend/node_modules/express/lib/router/index.js:280:10)
    at cors (/Users/viswanathreddy/Desktop/Sharkfunded/crmsharkfunded/backend/node_modules/cors/lib/index.js:188:7)

[2026-01-10T12:44:26.602Z] ERROR: request entity too large
PayloadTooLargeError: request entity too large
    at readStream (/Users/viswanathreddy/Desktop/Sharkfunded/crmsharkfunded/backend/node_modules/raw-body/index.js:163:17)
    at getRawBody (/Users/viswanathreddy/Desktop/Sharkfunded/crmsharkfunded/backend/node_modules/raw-body/index.js:116:12)
    at read (/Users/viswanathreddy/Desktop/Sharkfunded/crmsharkfunded/backend/node_modules/body-parser/lib/read.js:79:3)
    at jsonParser (/Users/viswanathreddy/Desktop/Sharkfunded/crmsharkfunded/backend/node_modules/body-parser/lib/types/json.js:138:5)
    at Layer.handle [as handle_request] (/Users/viswanathreddy/Desktop/Sharkfunded/crmsharkfunded/backend/node_modules/express/lib/router/layer.js:95:5)
    at trim_prefix (/Users/viswanathreddy/Desktop/Sharkfunded/crmsharkfunded/backend/node_modules/express/lib/router/index.js:328:13)
    at /Users/viswanathreddy/Desktop/Sharkfunded/crmsharkfunded/backend/node_modules/express/lib/router/index.js:286:9
    at router.process_params (/Users/viswanathreddy/Desktop/Sharkfunded/crmsharkfunded/backend/node_modules/express/lib/router/index.js:346:12)
    at next (/Users/viswanathreddy/Desktop/Sharkfunded/crmsharkfunded/backend/node_modules/express/lib/router/index.js:280:10)
    at cors (/Users/viswanathreddy/Desktop/Sharkfunded/crmsharkfunded/backend/node_modules/cors/lib/index.js:188:7)

[2026-01-10T12:44:29.906Z] ERROR: request entity too large
PayloadTooLargeError: request entity too large
    at readStream (/Users/viswanathreddy/Desktop/Sharkfunded/crmsharkfunded/backend/node_modules/raw-body/index.js:163:17)
    at getRawBody (/Users/viswanathreddy/Desktop/Sharkfunded/crmsharkfunded/backend/node_modules/raw-body/index.js:116:12)
    at read (/Users/viswanathreddy/Desktop/Sharkfunded/crmsharkfunded/backend/node_modules/body-parser/lib/read.js:79:3)
    at jsonParser (/Users/viswanathreddy/Desktop/Sharkfunded/crmsharkfunded/backend/node_modules/body-parser/lib/types/json.js:138:5)
    at Layer.handle [as handle_request] (/Users/viswanathreddy/Desktop/Sharkfunded/crmsharkfunded/backend/node_modules/express/lib/router/layer.js:95:5)
    at trim_prefix (/Users/viswanathreddy/Desktop/Sharkfunded/crmsharkfunded/backend/node_modules/express/lib/router/index.js:328:13)
    at /Users/viswanathreddy/Desktop/Sharkfunded/crmsharkfunded/backend/node_modules/express/lib/router/index.js:286:9
    at router.process_params (/Users/viswanathreddy/Desktop/Sharkfunded/crmsharkfunded/backend/node_modules/express/lib/router/index.js:346:12)
    at next (/Users/viswanathreddy/Desktop/Sharkfunded/crmsharkfunded/backend/node_modules/express/lib/router/index.js:280:10)
    at cors (/Users/viswanathreddy/Desktop/Sharkfunded/crmsharkfunded/backend/node_modules/cors/lib/index.js:188:7)

[2026-01-10T12:44:48.294Z] ERROR: request entity too large
PayloadTooLargeError: request entity too large
    at readStream (/Users/viswanathreddy/Desktop/Sharkfunded/crmsharkfunded/backend/node_modules/raw-body/index.js:163:17)
    at getRawBody (/Users/viswanathreddy/Desktop/Sharkfunded/crmsharkfunded/backend/node_modules/raw-body/index.js:116:12)
    at read (/Users/viswanathreddy/Desktop/Sharkfunded/crmsharkfunded/backend/node_modules/body-parser/lib/read.js:79:3)
    at jsonParser (/Users/viswanathreddy/Desktop/Sharkfunded/crmsharkfunded/backend/node_modules/body-parser/lib/types/json.js:138:5)
    at Layer.handle [as handle_request] (/Users/viswanathreddy/Desktop/Sharkfunded/crmsharkfunded/backend/node_modules/express/lib/router/layer.js:95:5)
    at trim_prefix (/Users/viswanathreddy/Desktop/Sharkfunded/crmsharkfunded/backend/node_modules/express/lib/router/index.js:328:13)
    at /Users/viswanathreddy/Desktop/Sharkfunded/crmsharkfunded/backend/node_modules/express/lib/router/index.js:286:9
    at router.process_params (/Users/viswanathreddy/Desktop/Sharkfunded/crmsharkfunded/backend/node_modules/express/lib/router/index.js:346:12)
    at next (/Users/viswanathreddy/Desktop/Sharkfunded/crmsharkfunded/backend/node_modules/express/lib/router/index.js:280:10)
    at cors (/Users/viswanathreddy/Desktop/Sharkfunded/crmsharkfunded/backend/node_modules/cors/lib/index.js:188:7)

[2026-01-10T12:44:56.692Z] ERROR: request entity too large
PayloadTooLargeError: request entity too large
    at readStream (/Users/viswanathreddy/Desktop/Sharkfunded/crmsharkfunded/backend/node_modules/raw-body/index.js:163:17)
    at getRawBody (/Users/viswanathreddy/Desktop/Sharkfunded/crmsharkfunded/backend/node_modules/raw-body/index.js:116:12)
    at read (/Users/viswanathreddy/Desktop/Sharkfunded/crmsharkfunded/backend/node_modules/body-parser/lib/read.js:79:3)
    at jsonParser (/Users/viswanathreddy/Desktop/Sharkfunded/crmsharkfunded/backend/node_modules/body-parser/lib/types/json.js:138:5)
    at Layer.handle [as handle_request] (/Users/viswanathreddy/Desktop/Sharkfunded/crmsharkfunded/backend/node_modules/express/lib/router/layer.js:95:5)
    at trim_prefix (/Users/viswanathreddy/Desktop/Sharkfunded/crmsharkfunded/backend/node_modules/express/lib/router/index.js:328:13)
    at /Users/viswanathreddy/Desktop/Sharkfunded/crmsharkfunded/backend/node_modules/express/lib/router/index.js:286:9
    at router.process_params (/Users/viswanathreddy/Desktop/Sharkfunded/crmsharkfunded/backend/node_modules/express/lib/router/index.js:346:12)
    at next (/Users/viswanathreddy/Desktop/Sharkfunded/crmsharkfunded/backend/node_modules/express/lib/router/index.js:280:10)
    at cors (/Users/viswanathreddy/Desktop/Sharkfunded/crmsharkfunded/backend/node_modules/cors/lib/index.js:188:7)

[2026-01-10T12:44:57.965Z] ERROR: request entity too large
PayloadTooLargeError: request entity too large
    at readStream (/Users/viswanathreddy/Desktop/Sharkfunded/crmsharkfunded/backend/node_modules/raw-body/index.js:163:17)
    at getRawBody (/Users/viswanathreddy/Desktop/Sharkfunded/crmsharkfunded/backend/node_modules/raw-body/index.js:116:12)
    at read (/Users/viswanathreddy/Desktop/Sharkfunded/crmsharkfunded/backend/node_modules/body-parser/lib/read.js:79:3)
    at jsonParser (/Users/viswanathreddy/Desktop/Sharkfunded/crmsharkfunded/backend/node_modules/body-parser/lib/types/json.js:138:5)
    at Layer.handle [as handle_request] (/Users/viswanathreddy/Desktop/Sharkfunded/crmsharkfunded/backend/node_modules/express/lib/router/layer.js:95:5)
    at trim_prefix (/Users/viswanathreddy/Desktop/Sharkfunded/crmsharkfunded/backend/node_modules/express/lib/router/index.js:328:13)
    at /Users/viswanathreddy/Desktop/Sharkfunded/crmsharkfunded/backend/node_modules/express/lib/router/index.js:286:9
    at router.process_params (/Users/viswanathreddy/Desktop/Sharkfunded/crmsharkfunded/backend/node_modules/express/lib/router/index.js:346:12)
    at next (/Users/viswanathreddy/Desktop/Sharkfunded/crmsharkfunded/backend/node_modules/express/lib/router/index.js:280:10)
    at cors (/Users/viswanathreddy/Desktop/Sharkfunded/crmsharkfunded/backend/node_modules/cors/lib/index.js:188:7)

[2026-01-10T12:45:01.095Z] ERROR: request entity too large
PayloadTooLargeError: request entity too large
    at readStream (/Users/viswanathreddy/Desktop/Sharkfunded/crmsharkfunded/backend/node_modules/raw-body/index.js:163:17)
    at getRawBody (/Users/viswanathreddy/Desktop/Sharkfunded/crmsharkfunded/backend/node_modules/raw-body/index.js:116:12)
    at read (/Users/viswanathreddy/Desktop/Sharkfunded/crmsharkfunded/backend/node_modules/body-parser/lib/read.js:79:3)
    at jsonParser (/Users/viswanathreddy/Desktop/Sharkfunded/crmsharkfunded/backend/node_modules/body-parser/lib/types/json.js:138:5)
    at Layer.handle [as handle_request] (/Users/viswanathreddy/Desktop/Sharkfunded/crmsharkfunded/backend/node_modules/express/lib/router/layer.js:95:5)
    at trim_prefix (/Users/viswanathreddy/Desktop/Sharkfunded/crmsharkfunded/backend/node_modules/express/lib/router/index.js:328:13)
    at /Users/viswanathreddy/Desktop/Sharkfunded/crmsharkfunded/backend/node_modules/express/lib/router/index.js:286:9
    at router.process_params (/Users/viswanathreddy/Desktop/Sharkfunded/crmsharkfunded/backend/node_modules/express/lib/router/index.js:346:12)
    at next (/Users/viswanathreddy/Desktop/Sharkfunded/crmsharkfunded/backend/node_modules/express/lib/router/index.js:280:10)
    at cors (/Users/viswanathreddy/Desktop/Sharkfunded/crmsharkfunded/backend/node_modules/cors/lib/index.js:188:7)

[2026-01-10T12:45:20.868Z] ERROR: request entity too large
PayloadTooLargeError: request entity too large
    at readStream (/Users/viswanathreddy/Desktop/Sharkfunded/crmsharkfunded/backend/node_modules/raw-body/index.js:163:17)
    at getRawBody (/Users/viswanathreddy/Desktop/Sharkfunded/crmsharkfunded/backend/node_modules/raw-body/index.js:116:12)
    at read (/Users/viswanathreddy/Desktop/Sharkfunded/crmsharkfunded/backend/node_modules/body-parser/lib/read.js:79:3)
    at jsonParser (/Users/viswanathreddy/Desktop/Sharkfunded/crmsharkfunded/backend/node_modules/body-parser/lib/types/json.js:138:5)
    at Layer.handle [as handle_request] (/Users/viswanathreddy/Desktop/Sharkfunded/crmsharkfunded/backend/node_modules/express/lib/router/layer.js:95:5)
    at trim_prefix (/Users/viswanathreddy/Desktop/Sharkfunded/crmsharkfunded/backend/node_modules/express/lib/router/index.js:328:13)
    at /Users/viswanathreddy/Desktop/Sharkfunded/crmsharkfunded/backend/node_modules/express/lib/router/index.js:286:9
    at router.process_params (/Users/viswanathreddy/Desktop/Sharkfunded/crmsharkfunded/backend/node_modules/express/lib/router/index.js:346:12)
    at next (/Users/viswanathreddy/Desktop/Sharkfunded/crmsharkfunded/backend/node_modules/express/lib/router/index.js:280:10)
    at cors (/Users/viswanathreddy/Desktop/Sharkfunded/crmsharkfunded/backend/node_modules/cors/lib/index.js:188:7)

[2026-01-10T12:45:24.225Z] ERROR: request entity too large
PayloadTooLargeError: request entity too large
    at readStream (/Users/viswanathreddy/Desktop/Sharkfunded/crmsharkfunded/backend/node_modules/raw-body/index.js:163:17)
    at getRawBody (/Users/viswanathreddy/Desktop/Sharkfunded/crmsharkfunded/backend/node_modules/raw-body/index.js:116:12)
    at read (/Users/viswanathreddy/Desktop/Sharkfunded/crmsharkfunded/backend/node_modules/body-parser/lib/read.js:79:3)
    at jsonParser (/Users/viswanathreddy/Desktop/Sharkfunded/crmsharkfunded/backend/node_modules/body-parser/lib/types/json.js:138:5)
    at Layer.handle [as handle_request] (/Users/viswanathreddy/Desktop/Sharkfunded/crmsharkfunded/backend/node_modules/express/lib/router/layer.js:95:5)
    at trim_prefix (/Users/viswanathreddy/Desktop/Sharkfunded/crmsharkfunded/backend/node_modules/express/lib/router/index.js:328:13)
    at /Users/viswanathreddy/Desktop/Sharkfunded/crmsharkfunded/backend/node_modules/express/lib/router/index.js:286:9
    at router.process_params (/Users/viswanathreddy/Desktop/Sharkfunded/crmsharkfunded/backend/node_modules/express/lib/router/index.js:346:12)
    at next (/Users/viswanathreddy/Desktop/Sharkfunded/crmsharkfunded/backend/node_modules/express/lib/router/index.js:280:10)
    at cors (/Users/viswanathreddy/Desktop/Sharkfunded/crmsharkfunded/backend/node_modules/cors/lib/index.js:188:7)

[2026-01-10T12:49:09.307Z] ERROR: request entity too large
PayloadTooLargeError: request entity too large
    at readStream (/Users/viswanathreddy/Desktop/Sharkfunded/crmsharkfunded/backend/node_modules/raw-body/index.js:163:17)
    at getRawBody (/Users/viswanathreddy/Desktop/Sharkfunded/crmsharkfunded/backend/node_modules/raw-body/index.js:116:12)
    at read (/Users/viswanathreddy/Desktop/Sharkfunded/crmsharkfunded/backend/node_modules/body-parser/lib/read.js:79:3)
    at jsonParser (/Users/viswanathreddy/Desktop/Sharkfunded/crmsharkfunded/backend/node_modules/body-parser/lib/types/json.js:138:5)
    at Layer.handle [as handle_request] (/Users/viswanathreddy/Desktop/Sharkfunded/crmsharkfunded/backend/node_modules/express/lib/router/layer.js:95:5)
    at trim_prefix (/Users/viswanathreddy/Desktop/Sharkfunded/crmsharkfunded/backend/node_modules/express/lib/router/index.js:328:13)
    at /Users/viswanathreddy/Desktop/Sharkfunded/crmsharkfunded/backend/node_modules/express/lib/router/index.js:286:9
    at router.process_params (/Users/viswanathreddy/Desktop/Sharkfunded/crmsharkfunded/backend/node_modules/express/lib/router/index.js:346:12)
    at next (/Users/viswanathreddy/Desktop/Sharkfunded/crmsharkfunded/backend/node_modules/express/lib/router/index.js:280:10)
    at cors (/Users/viswanathreddy/Desktop/Sharkfunded/crmsharkfunded/backend/node_modules/cors/lib/index.js:188:7)

[2026-01-10T12:50:04.376Z] ERROR: request entity too large
PayloadTooLargeError: request entity too large
    at readStream (/Users/viswanathreddy/Desktop/Sharkfunded/crmsharkfunded/backend/node_modules/raw-body/index.js:163:17)
    at getRawBody (/Users/viswanathreddy/Desktop/Sharkfunded/crmsharkfunded/backend/node_modules/raw-body/index.js:116:12)
    at read (/Users/viswanathreddy/Desktop/Sharkfunded/crmsharkfunded/backend/node_modules/body-parser/lib/read.js:79:3)
    at jsonParser (/Users/viswanathreddy/Desktop/Sharkfunded/crmsharkfunded/backend/node_modules/body-parser/lib/types/json.js:138:5)
    at Layer.handle [as handle_request] (/Users/viswanathreddy/Desktop/Sharkfunded/crmsharkfunded/backend/node_modules/express/lib/router/layer.js:95:5)
    at trim_prefix (/Users/viswanathreddy/Desktop/Sharkfunded/crmsharkfunded/backend/node_modules/express/lib/router/index.js:328:13)
    at /Users/viswanathreddy/Desktop/Sharkfunded/crmsharkfunded/backend/node_modules/express/lib/router/index.js:286:9
    at router.process_params (/Users/viswanathreddy/Desktop/Sharkfunded/crmsharkfunded/backend/node_modules/express/lib/router/index.js:346:12)
    at next (/Users/viswanathreddy/Desktop/Sharkfunded/crmsharkfunded/backend/node_modules/express/lib/router/index.js:280:10)
    at cors (/Users/viswanathreddy/Desktop/Sharkfunded/crmsharkfunded/backend/node_modules/cors/lib/index.js:188:7)

[2026-01-10T12:50:34.127Z] ERROR: request entity too large
PayloadTooLargeError: request entity too large
    at readStream (/Users/viswanathreddy/Desktop/Sharkfunded/crmsharkfunded/backend/node_modules/raw-body/index.js:163:17)
    at getRawBody (/Users/viswanathreddy/Desktop/Sharkfunded/crmsharkfunded/backend/node_modules/raw-body/index.js:116:12)
    at read (/Users/viswanathreddy/Desktop/Sharkfunded/crmsharkfunded/backend/node_modules/body-parser/lib/read.js:79:3)
    at jsonParser (/Users/viswanathreddy/Desktop/Sharkfunded/crmsharkfunded/backend/node_modules/body-parser/lib/types/json.js:138:5)
    at Layer.handle [as handle_request] (/Users/viswanathreddy/Desktop/Sharkfunded/crmsharkfunded/backend/node_modules/express/lib/router/layer.js:95:5)
    at trim_prefix (/Users/viswanathreddy/Desktop/Sharkfunded/crmsharkfunded/backend/node_modules/express/lib/router/index.js:328:13)
    at /Users/viswanathreddy/Desktop/Sharkfunded/crmsharkfunded/backend/node_modules/express/lib/router/index.js:286:9
    at router.process_params (/Users/viswanathreddy/Desktop/Sharkfunded/crmsharkfunded/backend/node_modules/express/lib/router/index.js:346:12)
    at next (/Users/viswanathreddy/Desktop/Sharkfunded/crmsharkfunded/backend/node_modules/express/lib/router/index.js:280:10)
    at cors (/Users/viswanathreddy/Desktop/Sharkfunded/crmsharkfunded/backend/node_modules/cors/lib/index.js:188:7)

[2026-01-10T12:50:46.396Z] ERROR: request entity too large
PayloadTooLargeError: request entity too large
    at readStream (/Users/viswanathreddy/Desktop/Sharkfunded/crmsharkfunded/backend/node_modules/raw-body/index.js:163:17)
    at getRawBody (/Users/viswanathreddy/Desktop/Sharkfunded/crmsharkfunded/backend/node_modules/raw-body/index.js:116:12)
    at read (/Users/viswanathreddy/Desktop/Sharkfunded/crmsharkfunded/backend/node_modules/body-parser/lib/read.js:79:3)
    at jsonParser (/Users/viswanathreddy/Desktop/Sharkfunded/crmsharkfunded/backend/node_modules/body-parser/lib/types/json.js:138:5)
    at Layer.handle [as handle_request] (/Users/viswanathreddy/Desktop/Sharkfunded/crmsharkfunded/backend/node_modules/express/lib/router/layer.js:95:5)
    at trim_prefix (/Users/viswanathreddy/Desktop/Sharkfunded/crmsharkfunded/backend/node_modules/express/lib/router/index.js:328:13)
    at /Users/viswanathreddy/Desktop/Sharkfunded/crmsharkfunded/backend/node_modules/express/lib/router/index.js:286:9
    at router.process_params (/Users/viswanathreddy/Desktop/Sharkfunded/crmsharkfunded/backend/node_modules/express/lib/router/index.js:346:12)
    at next (/Users/viswanathreddy/Desktop/Sharkfunded/crmsharkfunded/backend/node_modules/express/lib/router/index.js:280:10)
    at cors (/Users/viswanathreddy/Desktop/Sharkfunded/crmsharkfunded/backend/node_modules/cors/lib/index.js:188:7)

[2026-01-23T13:15:27.216Z] ERROR: Not allowed by CORS
Error: Not allowed by CORS
    at origin (/Users/viswanathreddy/Desktop/fundedmaster/crmsharkfunded/crmsharkfunded/backend/src/server.ts:33:22)
    at /Users/viswanathreddy/Desktop/fundedmaster/crmsharkfunded/crmsharkfunded/backend/node_modules/cors/lib/index.js:219:13
    at optionsCallback (/Users/viswanathreddy/Desktop/fundedmaster/crmsharkfunded/crmsharkfunded/backend/node_modules/cors/lib/index.js:199:9)
    at corsMiddleware (/Users/viswanathreddy/Desktop/fundedmaster/crmsharkfunded/crmsharkfunded/backend/node_modules/cors/lib/index.js:204:7)
    at Layer.handle [as handle_request] (/Users/viswanathreddy/Desktop/fundedmaster/crmsharkfunded/crmsharkfunded/backend/node_modules/express/lib/router/layer.js:95:5)
    at trim_prefix (/Users/viswanathreddy/Desktop/fundedmaster/crmsharkfunded/crmsharkfunded/backend/node_modules/express/lib/router/index.js:328:13)
    at /Users/viswanathreddy/Desktop/fundedmaster/crmsharkfunded/crmsharkfunded/backend/node_modules/express/lib/router/index.js:286:9
    at router.process_params (/Users/viswanathreddy/Desktop/fundedmaster/crmsharkfunded/crmsharkfunded/backend/node_modules/express/lib/router/index.js:346:12)
    at next (/Users/viswanathreddy/Desktop/fundedmaster/crmsharkfunded/crmsharkfunded/backend/node_modules/express/lib/router/index.js:280:10)
    at cookieParser (/Users/viswanathreddy/Desktop/fundedmaster/crmsharkfunded/crmsharkfunded/backend/node_modules/cookie-parser/index.js:57:14)

[2026-01-23T13:15:27.220Z] ERROR: Not allowed by CORS
Error: Not allowed by CORS
    at origin (/Users/viswanathreddy/Desktop/fundedmaster/crmsharkfunded/crmsharkfunded/backend/src/server.ts:33:22)
    at /Users/viswanathreddy/Desktop/fundedmaster/crmsharkfunded/crmsharkfunded/backend/node_modules/cors/lib/index.js:219:13
    at optionsCallback (/Users/viswanathreddy/Desktop/fundedmaster/crmsharkfunded/crmsharkfunded/backend/node_modules/cors/lib/index.js:199:9)
    at corsMiddleware (/Users/viswanathreddy/Desktop/fundedmaster/crmsharkfunded/crmsharkfunded/backend/node_modules/cors/lib/index.js:204:7)
    at Layer.handle [as handle_request] (/Users/viswanathreddy/Desktop/fundedmaster/crmsharkfunded/crmsharkfunded/backend/node_modules/express/lib/router/layer.js:95:5)
    at trim_prefix (/Users/viswanathreddy/Desktop/fundedmaster/crmsharkfunded/crmsharkfunded/backend/node_modules/express/lib/router/index.js:328:13)
    at /Users/viswanathreddy/Desktop/fundedmaster/crmsharkfunded/crmsharkfunded/backend/node_modules/express/lib/router/index.js:286:9
    at router.process_params (/Users/viswanathreddy/Desktop/fundedmaster/crmsharkfunded/crmsharkfunded/backend/node_modules/express/lib/router/index.js:346:12)
    at next (/Users/viswanathreddy/Desktop/fundedmaster/crmsharkfunded/crmsharkfunded/backend/node_modules/express/lib/router/index.js:280:10)
    at cookieParser (/Users/viswanathreddy/Desktop/fundedmaster/crmsharkfunded/crmsharkfunded/backend/node_modules/cookie-parser/index.js:57:14)

[2026-01-28T14:10:15.518Z] ERROR: Not allowed by CORS
Error: Not allowed by CORS
    at origin (/Users/viswanathreddy/Desktop/fundedmaster/crmsharkfunded/crmsharkfunded/backend/src/server.ts:33:22)
    at /Users/viswanathreddy/Desktop/fundedmaster/crmsharkfunded/crmsharkfunded/backend/node_modules/cors/lib/index.js:219:13
    at optionsCallback (/Users/viswanathreddy/Desktop/fundedmaster/crmsharkfunded/crmsharkfunded/backend/node_modules/cors/lib/index.js:199:9)
    at corsMiddleware (/Users/viswanathreddy/Desktop/fundedmaster/crmsharkfunded/crmsharkfunded/backend/node_modules/cors/lib/index.js:204:7)
    at Layer.handle [as handle_request] (/Users/viswanathreddy/Desktop/fundedmaster/crmsharkfunded/crmsharkfunded/backend/node_modules/express/lib/router/layer.js:95:5)
    at trim_prefix (/Users/viswanathreddy/Desktop/fundedmaster/crmsharkfunded/crmsharkfunded/backend/node_modules/express/lib/router/index.js:328:13)
    at /Users/viswanathreddy/Desktop/fundedmaster/crmsharkfunded/crmsharkfunded/backend/node_modules/express/lib/router/index.js:286:9
    at router.process_params (/Users/viswanathreddy/Desktop/fundedmaster/crmsharkfunded/crmsharkfunded/backend/node_modules/express/lib/router/index.js:346:12)
    at next (/Users/viswanathreddy/Desktop/fundedmaster/crmsharkfunded/crmsharkfunded/backend/node_modules/express/lib/router/index.js:280:10)
    at cookieParser (/Users/viswanathreddy/Desktop/fundedmaster/crmsharkfunded/crmsharkfunded/backend/node_modules/cookie-parser/index.js:57:14)

[2026-01-28T14:10:15.521Z] ERROR: Not allowed by CORS
Error: Not allowed by CORS
    at origin (/Users/viswanathreddy/Desktop/fundedmaster/crmsharkfunded/crmsharkfunded/backend/src/server.ts:33:22)
    at /Users/viswanathreddy/Desktop/fundedmaster/crmsharkfunded/crmsharkfunded/backend/node_modules/cors/lib/index.js:219:13
    at optionsCallback (/Users/viswanathreddy/Desktop/fundedmaster/crmsharkfunded/crmsharkfunded/backend/node_modules/cors/lib/index.js:199:9)
    at corsMiddleware (/Users/viswanathreddy/Desktop/fundedmaster/crmsharkfunded/crmsharkfunded/backend/node_modules/cors/lib/index.js:204:7)
    at Layer.handle [as handle_request] (/Users/viswanathreddy/Desktop/fundedmaster/crmsharkfunded/crmsharkfunded/backend/node_modules/express/lib/router/layer.js:95:5)
    at trim_prefix (/Users/viswanathreddy/Desktop/fundedmaster/crmsharkfunded/crmsharkfunded/backend/node_modules/express/lib/router/index.js:328:13)
    at /Users/viswanathreddy/Desktop/fundedmaster/crmsharkfunded/crmsharkfunded/backend/node_modules/express/lib/router/index.js:286:9
    at router.process_params (/Users/viswanathreddy/Desktop/fundedmaster/crmsharkfunded/crmsharkfunded/backend/node_modules/express/lib/router/index.js:346:12)
    at next (/Users/viswanathreddy/Desktop/fundedmaster/crmsharkfunded/crmsharkfunded/backend/node_modules/express/lib/router/index.js:280:10)
    at cookieParser (/Users/viswanathreddy/Desktop/fundedmaster/crmsharkfunded/crmsharkfunded/backend/node_modules/cookie-parser/index.js:57:14)

[2026-01-28T14:10:26.734Z] ERROR: Not allowed by CORS
Error: Not allowed by CORS
    at origin (/Users/viswanathreddy/Desktop/fundedmaster/crmsharkfunded/crmsharkfunded/backend/src/server.ts:33:22)
    at /Users/viswanathreddy/Desktop/fundedmaster/crmsharkfunded/crmsharkfunded/backend/node_modules/cors/lib/index.js:219:13
    at optionsCallback (/Users/viswanathreddy/Desktop/fundedmaster/crmsharkfunded/crmsharkfunded/backend/node_modules/cors/lib/index.js:199:9)
    at corsMiddleware (/Users/viswanathreddy/Desktop/fundedmaster/crmsharkfunded/crmsharkfunded/backend/node_modules/cors/lib/index.js:204:7)
    at Layer.handle [as handle_request] (/Users/viswanathreddy/Desktop/fundedmaster/crmsharkfunded/crmsharkfunded/backend/node_modules/express/lib/router/layer.js:95:5)
    at trim_prefix (/Users/viswanathreddy/Desktop/fundedmaster/crmsharkfunded/crmsharkfunded/backend/node_modules/express/lib/router/index.js:328:13)
    at /Users/viswanathreddy/Desktop/fundedmaster/crmsharkfunded/crmsharkfunded/backend/node_modules/express/lib/router/index.js:286:9
    at router.process_params (/Users/viswanathreddy/Desktop/fundedmaster/crmsharkfunded/crmsharkfunded/backend/node_modules/express/lib/router/index.js:346:12)
    at next (/Users/viswanathreddy/Desktop/fundedmaster/crmsharkfunded/crmsharkfunded/backend/node_modules/express/lib/router/index.js:280:10)
    at cookieParser (/Users/viswanathreddy/Desktop/fundedmaster/crmsharkfunded/crmsharkfunded/backend/node_modules/cookie-parser/index.js:57:14)

[2026-01-29T02:16:20.562Z] ERROR: Not allowed by CORS
Error: Not allowed by CORS
    at origin (/Users/viswanathreddy/Desktop/fundedmaster/crmsharkfunded/crmsharkfunded/backend/src/server.ts:33:22)
    at /Users/viswanathreddy/Desktop/fundedmaster/crmsharkfunded/crmsharkfunded/backend/node_modules/cors/lib/index.js:219:13
    at optionsCallback (/Users/viswanathreddy/Desktop/fundedmaster/crmsharkfunded/crmsharkfunded/backend/node_modules/cors/lib/index.js:199:9)
    at corsMiddleware (/Users/viswanathreddy/Desktop/fundedmaster/crmsharkfunded/crmsharkfunded/backend/node_modules/cors/lib/index.js:204:7)
    at Layer.handle [as handle_request] (/Users/viswanathreddy/Desktop/fundedmaster/crmsharkfunded/crmsharkfunded/backend/node_modules/express/lib/router/layer.js:95:5)
    at trim_prefix (/Users/viswanathreddy/Desktop/fundedmaster/crmsharkfunded/crmsharkfunded/backend/node_modules/express/lib/router/index.js:328:13)
    at /Users/viswanathreddy/Desktop/fundedmaster/crmsharkfunded/crmsharkfunded/backend/node_modules/express/lib/router/index.js:286:9
    at router.process_params (/Users/viswanathreddy/Desktop/fundedmaster/crmsharkfunded/crmsharkfunded/backend/node_modules/express/lib/router/index.js:346:12)
    at next (/Users/viswanathreddy/Desktop/fundedmaster/crmsharkfunded/crmsharkfunded/backend/node_modules/express/lib/router/index.js:280:10)
    at cookieParser (/Users/viswanathreddy/Desktop/fundedmaster/crmsharkfunded/crmsharkfunded/backend/node_modules/cookie-parser/index.js:57:14)

[2026-01-29T02:16:20.565Z] ERROR: Not allowed by CORS
Error: Not allowed by CORS
    at origin (/Users/viswanathreddy/Desktop/fundedmaster/crmsharkfunded/crmsharkfunded/backend/src/server.ts:33:22)
    at /Users/viswanathreddy/Desktop/fundedmaster/crmsharkfunded/crmsharkfunded/backend/node_modules/cors/lib/index.js:219:13
    at optionsCallback (/Users/viswanathreddy/Desktop/fundedmaster/crmsharkfunded/crmsharkfunded/backend/node_modules/cors/lib/index.js:199:9)
    at corsMiddleware (/Users/viswanathreddy/Desktop/fundedmaster/crmsharkfunded/crmsharkfunded/backend/node_modules/cors/lib/index.js:204:7)
    at Layer.handle [as handle_request] (/Users/viswanathreddy/Desktop/fundedmaster/crmsharkfunded/crmsharkfunded/backend/node_modules/express/lib/router/layer.js:95:5)
    at trim_prefix (/Users/viswanathreddy/Desktop/fundedmaster/crmsharkfunded/crmsharkfunded/backend/node_modules/express/lib/router/index.js:328:13)
    at /Users/viswanathreddy/Desktop/fundedmaster/crmsharkfunded/crmsharkfunded/backend/node_modules/express/lib/router/index.js:286:9
    at router.process_params (/Users/viswanathreddy/Desktop/fundedmaster/crmsharkfunded/crmsharkfunded/backend/node_modules/express/lib/router/index.js:346:12)
    at next (/Users/viswanathreddy/Desktop/fundedmaster/crmsharkfunded/crmsharkfunded/backend/node_modules/express/lib/router/index.js:280:10)
    at cookieParser (/Users/viswanathreddy/Desktop/fundedmaster/crmsharkfunded/crmsharkfunded/backend/node_modules/cookie-parser/index.js:57:14)

[2026-01-29T05:06:41.142Z] ERROR: Not allowed by CORS
Error: Not allowed by CORS
    at origin (/Users/viswanathreddy/Desktop/fundedmaster/crmsharkfunded/crmsharkfunded/backend/src/server.ts:33:22)
    at /Users/viswanathreddy/Desktop/fundedmaster/crmsharkfunded/crmsharkfunded/backend/node_modules/cors/lib/index.js:219:13
    at optionsCallback (/Users/viswanathreddy/Desktop/fundedmaster/crmsharkfunded/crmsharkfunded/backend/node_modules/cors/lib/index.js:199:9)
    at corsMiddleware (/Users/viswanathreddy/Desktop/fundedmaster/crmsharkfunded/crmsharkfunded/backend/node_modules/cors/lib/index.js:204:7)
    at Layer.handle [as handle_request] (/Users/viswanathreddy/Desktop/fundedmaster/crmsharkfunded/crmsharkfunded/backend/node_modules/express/lib/router/layer.js:95:5)
    at trim_prefix (/Users/viswanathreddy/Desktop/fundedmaster/crmsharkfunded/crmsharkfunded/backend/node_modules/express/lib/router/index.js:328:13)
    at /Users/viswanathreddy/Desktop/fundedmaster/crmsharkfunded/crmsharkfunded/backend/node_modules/express/lib/router/index.js:286:9
    at router.process_params (/Users/viswanathreddy/Desktop/fundedmaster/crmsharkfunded/crmsharkfunded/backend/node_modules/express/lib/router/index.js:346:12)
    at next (/Users/viswanathreddy/Desktop/fundedmaster/crmsharkfunded/crmsharkfunded/backend/node_modules/express/lib/router/index.js:280:10)
    at cookieParser (/Users/viswanathreddy/Desktop/fundedmaster/crmsharkfunded/crmsharkfunded/backend/node_modules/cookie-parser/index.js:57:14)

[2026-01-29T05:06:41.147Z] ERROR: Not allowed by CORS
Error: Not allowed by CORS
    at origin (/Users/viswanathreddy/Desktop/fundedmaster/crmsharkfunded/crmsharkfunded/backend/src/server.ts:33:22)
    at /Users/viswanathreddy/Desktop/fundedmaster/crmsharkfunded/crmsharkfunded/backend/node_modules/cors/lib/index.js:219:13
    at optionsCallback (/Users/viswanathreddy/Desktop/fundedmaster/crmsharkfunded/crmsharkfunded/backend/node_modules/cors/lib/index.js:199:9)
    at corsMiddleware (/Users/viswanathreddy/Desktop/fundedmaster/crmsharkfunded/crmsharkfunded/backend/node_modules/cors/lib/index.js:204:7)
    at Layer.handle [as handle_request] (/Users/viswanathreddy/Desktop/fundedmaster/crmsharkfunded/crmsharkfunded/backend/node_modules/express/lib/router/layer.js:95:5)
    at trim_prefix (/Users/viswanathreddy/Desktop/fundedmaster/crmsharkfunded/crmsharkfunded/backend/node_modules/express/lib/router/index.js:328:13)
    at /Users/viswanathreddy/Desktop/fundedmaster/crmsharkfunded/crmsharkfunded/backend/node_modules/express/lib/router/index.js:286:9
    at router.process_params (/Users/viswanathreddy/Desktop/fundedmaster/crmsharkfunded/crmsharkfunded/backend/node_modules/express/lib/router/index.js:346:12)
    at next (/Users/viswanathreddy/Desktop/fundedmaster/crmsharkfunded/crmsharkfunded/backend/node_modules/express/lib/router/index.js:280:10)
    at cookieParser (/Users/viswanathreddy/Desktop/fundedmaster/crmsharkfunded/crmsharkfunded/backend/node_modules/cookie-parser/index.js:57:14)

[2026-01-29T05:06:42.952Z] ERROR: Not allowed by CORS
Error: Not allowed by CORS
    at origin (/Users/viswanathreddy/Desktop/fundedmaster/crmsharkfunded/crmsharkfunded/backend/src/server.ts:33:22)
    at /Users/viswanathreddy/Desktop/fundedmaster/crmsharkfunded/crmsharkfunded/backend/node_modules/cors/lib/index.js:219:13
    at optionsCallback (/Users/viswanathreddy/Desktop/fundedmaster/crmsharkfunded/crmsharkfunded/backend/node_modules/cors/lib/index.js:199:9)
    at corsMiddleware (/Users/viswanathreddy/Desktop/fundedmaster/crmsharkfunded/crmsharkfunded/backend/node_modules/cors/lib/index.js:204:7)
    at Layer.handle [as handle_request] (/Users/viswanathreddy/Desktop/fundedmaster/crmsharkfunded/crmsharkfunded/backend/node_modules/express/lib/router/layer.js:95:5)
    at trim_prefix (/Users/viswanathreddy/Desktop/fundedmaster/crmsharkfunded/crmsharkfunded/backend/node_modules/express/lib/router/index.js:328:13)
    at /Users/viswanathreddy/Desktop/fundedmaster/crmsharkfunded/crmsharkfunded/backend/node_modules/express/lib/router/index.js:286:9
    at router.process_params (/Users/viswanathreddy/Desktop/fundedmaster/crmsharkfunded/crmsharkfunded/backend/node_modules/express/lib/router/index.js:346:12)
    at next (/Users/viswanathreddy/Desktop/fundedmaster/crmsharkfunded/crmsharkfunded/backend/node_modules/express/lib/router/index.js:280:10)
    at cookieParser (/Users/viswanathreddy/Desktop/fundedmaster/crmsharkfunded/crmsharkfunded/backend/node_modules/cookie-parser/index.js:57:14)

[2026-01-29T05:07:01.474Z] ERROR: Not allowed by CORS
Error: Not allowed by CORS
    at origin (/Users/viswanathreddy/Desktop/fundedmaster/crmsharkfunded/crmsharkfunded/backend/src/server.ts:33:22)
    at /Users/viswanathreddy/Desktop/fundedmaster/crmsharkfunded/crmsharkfunded/backend/node_modules/cors/lib/index.js:219:13
    at optionsCallback (/Users/viswanathreddy/Desktop/fundedmaster/crmsharkfunded/crmsharkfunded/backend/node_modules/cors/lib/index.js:199:9)
    at corsMiddleware (/Users/viswanathreddy/Desktop/fundedmaster/crmsharkfunded/crmsharkfunded/backend/node_modules/cors/lib/index.js:204:7)
    at Layer.handle [as handle_request] (/Users/viswanathreddy/Desktop/fundedmaster/crmsharkfunded/crmsharkfunded/backend/node_modules/express/lib/router/layer.js:95:5)
    at trim_prefix (/Users/viswanathreddy/Desktop/fundedmaster/crmsharkfunded/crmsharkfunded/backend/node_modules/express/lib/router/index.js:328:13)
    at /Users/viswanathreddy/Desktop/fundedmaster/crmsharkfunded/crmsharkfunded/backend/node_modules/express/lib/router/index.js:286:9
    at router.process_params (/Users/viswanathreddy/Desktop/fundedmaster/crmsharkfunded/crmsharkfunded/backend/node_modules/express/lib/router/index.js:346:12)
    at next (/Users/viswanathreddy/Desktop/fundedmaster/crmsharkfunded/crmsharkfunded/backend/node_modules/express/lib/router/index.js:280:10)
    at cookieParser (/Users/viswanathreddy/Desktop/fundedmaster/crmsharkfunded/crmsharkfunded/backend/node_modules/cookie-parser/index.js:57:14)

[2026-01-29T05:07:01.602Z] ERROR: Not allowed by CORS
Error: Not allowed by CORS
    at origin (/Users/viswanathreddy/Desktop/fundedmaster/crmsharkfunded/crmsharkfunded/backend/src/server.ts:33:22)
    at /Users/viswanathreddy/Desktop/fundedmaster/crmsharkfunded/crmsharkfunded/backend/node_modules/cors/lib/index.js:219:13
    at optionsCallback (/Users/viswanathreddy/Desktop/fundedmaster/crmsharkfunded/crmsharkfunded/backend/node_modules/cors/lib/index.js:199:9)
    at corsMiddleware (/Users/viswanathreddy/Desktop/fundedmaster/crmsharkfunded/crmsharkfunded/backend/node_modules/cors/lib/index.js:204:7)
    at Layer.handle [as handle_request] (/Users/viswanathreddy/Desktop/fundedmaster/crmsharkfunded/crmsharkfunded/backend/node_modules/express/lib/router/layer.js:95:5)
    at trim_prefix (/Users/viswanathreddy/Desktop/fundedmaster/crmsharkfunded/crmsharkfunded/backend/node_modules/express/lib/router/index.js:328:13)
    at /Users/viswanathreddy/Desktop/fundedmaster/crmsharkfunded/crmsharkfunded/backend/node_modules/express/lib/router/index.js:286:9
    at router.process_params (/Users/viswanathreddy/Desktop/fundedmaster/crmsharkfunded/crmsharkfunded/backend/node_modules/express/lib/router/index.js:346:12)
    at next (/Users/viswanathreddy/Desktop/fundedmaster/crmsharkfunded/crmsharkfunded/backend/node_modules/express/lib/router/index.js:280:10)
    at cookieParser (/Users/viswanathreddy/Desktop/fundedmaster/crmsharkfunded/crmsharkfunded/backend/node_modules/cookie-parser/index.js:57:14)

[2026-01-29T05:07:04.427Z] ERROR: Not allowed by CORS
Error: Not allowed by CORS
    at origin (/Users/viswanathreddy/Desktop/fundedmaster/crmsharkfunded/crmsharkfunded/backend/src/server.ts:33:22)
    at /Users/viswanathreddy/Desktop/fundedmaster/crmsharkfunded/crmsharkfunded/backend/node_modules/cors/lib/index.js:219:13
    at optionsCallback (/Users/viswanathreddy/Desktop/fundedmaster/crmsharkfunded/crmsharkfunded/backend/node_modules/cors/lib/index.js:199:9)
    at corsMiddleware (/Users/viswanathreddy/Desktop/fundedmaster/crmsharkfunded/crmsharkfunded/backend/node_modules/cors/lib/index.js:204:7)
    at Layer.handle [as handle_request] (/Users/viswanathreddy/Desktop/fundedmaster/crmsharkfunded/crmsharkfunded/backend/node_modules/express/lib/router/layer.js:95:5)
    at trim_prefix (/Users/viswanathreddy/Desktop/fundedmaster/crmsharkfunded/crmsharkfunded/backend/node_modules/express/lib/router/index.js:328:13)
    at /Users/viswanathreddy/Desktop/fundedmaster/crmsharkfunded/crmsharkfunded/backend/node_modules/express/lib/router/index.js:286:9
    at router.process_params (/Users/viswanathreddy/Desktop/fundedmaster/crmsharkfunded/crmsharkfunded/backend/node_modules/express/lib/router/index.js:346:12)
    at next (/Users/viswanathreddy/Desktop/fundedmaster/crmsharkfunded/crmsharkfunded/backend/node_modules/express/lib/router/index.js:280:10)
    at cookieParser (/Users/viswanathreddy/Desktop/fundedmaster/crmsharkfunded/crmsharkfunded/backend/node_modules/cookie-parser/index.js:57:14)

[2026-01-29T05:07:04.438Z] ERROR: Not allowed by CORS
Error: Not allowed by CORS
    at origin (/Users/viswanathreddy/Desktop/fundedmaster/crmsharkfunded/crmsharkfunded/backend/src/server.ts:33:22)
    at /Users/viswanathreddy/Desktop/fundedmaster/crmsharkfunded/crmsharkfunded/backend/node_modules/cors/lib/index.js:219:13
    at optionsCallback (/Users/viswanathreddy/Desktop/fundedmaster/crmsharkfunded/crmsharkfunded/backend/node_modules/cors/lib/index.js:199:9)
    at corsMiddleware (/Users/viswanathreddy/Desktop/fundedmaster/crmsharkfunded/crmsharkfunded/backend/node_modules/cors/lib/index.js:204:7)
    at Layer.handle [as handle_request] (/Users/viswanathreddy/Desktop/fundedmaster/crmsharkfunded/crmsharkfunded/backend/node_modules/express/lib/router/layer.js:95:5)
    at trim_prefix (/Users/viswanathreddy/Desktop/fundedmaster/crmsharkfunded/crmsharkfunded/backend/node_modules/express/lib/router/index.js:328:13)
    at /Users/viswanathreddy/Desktop/fundedmaster/crmsharkfunded/crmsharkfunded/backend/node_modules/express/lib/router/index.js:286:9
    at router.process_params (/Users/viswanathreddy/Desktop/fundedmaster/crmsharkfunded/crmsharkfunded/backend/node_modules/express/lib/router/index.js:346:12)
    at next (/Users/viswanathreddy/Desktop/fundedmaster/crmsharkfunded/crmsharkfunded/backend/node_modules/express/lib/router/index.js:280:10)
    at cookieParser (/Users/viswanathreddy/Desktop/fundedmaster/crmsharkfunded/crmsharkfunded/backend/node_modules/cookie-parser/index.js:57:14)

[2026-01-29T05:07:05.293Z] ERROR: Not allowed by CORS
Error: Not allowed by CORS
    at origin (/Users/viswanathreddy/Desktop/fundedmaster/crmsharkfunded/crmsharkfunded/backend/src/server.ts:33:22)
    at /Users/viswanathreddy/Desktop/fundedmaster/crmsharkfunded/crmsharkfunded/backend/node_modules/cors/lib/index.js:219:13
    at optionsCallback (/Users/viswanathreddy/Desktop/fundedmaster/crmsharkfunded/crmsharkfunded/backend/node_modules/cors/lib/index.js:199:9)
    at corsMiddleware (/Users/viswanathreddy/Desktop/fundedmaster/crmsharkfunded/crmsharkfunded/backend/node_modules/cors/lib/index.js:204:7)
    at Layer.handle [as handle_request] (/Users/viswanathreddy/Desktop/fundedmaster/crmsharkfunded/crmsharkfunded/backend/node_modules/express/lib/router/layer.js:95:5)
    at trim_prefix (/Users/viswanathreddy/Desktop/fundedmaster/crmsharkfunded/crmsharkfunded/backend/node_modules/express/lib/router/index.js:328:13)
    at /Users/viswanathreddy/Desktop/fundedmaster/crmsharkfunded/crmsharkfunded/backend/node_modules/express/lib/router/index.js:286:9
    at router.process_params (/Users/viswanathreddy/Desktop/fundedmaster/crmsharkfunded/crmsharkfunded/backend/node_modules/express/lib/router/index.js:346:12)
    at next (/Users/viswanathreddy/Desktop/fundedmaster/crmsharkfunded/crmsharkfunded/backend/node_modules/express/lib/router/index.js:280:10)
    at cookieParser (/Users/viswanathreddy/Desktop/fundedmaster/crmsharkfunded/crmsharkfunded/backend/node_modules/cookie-parser/index.js:57:14)

[2026-01-29T05:07:05.294Z] ERROR: Not allowed by CORS
Error: Not allowed by CORS
    at origin (/Users/viswanathreddy/Desktop/fundedmaster/crmsharkfunded/crmsharkfunded/backend/src/server.ts:33:22)
    at /Users/viswanathreddy/Desktop/fundedmaster/crmsharkfunded/crmsharkfunded/backend/node_modules/cors/lib/index.js:219:13
    at optionsCallback (/Users/viswanathreddy/Desktop/fundedmaster/crmsharkfunded/crmsharkfunded/backend/node_modules/cors/lib/index.js:199:9)
    at corsMiddleware (/Users/viswanathreddy/Desktop/fundedmaster/crmsharkfunded/crmsharkfunded/backend/node_modules/cors/lib/index.js:204:7)
    at Layer.handle [as handle_request] (/Users/viswanathreddy/Desktop/fundedmaster/crmsharkfunded/crmsharkfunded/backend/node_modules/express/lib/router/layer.js:95:5)
    at trim_prefix (/Users/viswanathreddy/Desktop/fundedmaster/crmsharkfunded/crmsharkfunded/backend/node_modules/express/lib/router/index.js:328:13)
    at /Users/viswanathreddy/Desktop/fundedmaster/crmsharkfunded/crmsharkfunded/backend/node_modules/express/lib/router/index.js:286:9
    at router.process_params (/Users/viswanathreddy/Desktop/fundedmaster/crmsharkfunded/crmsharkfunded/backend/node_modules/express/lib/router/index.js:346:12)
    at next (/Users/viswanathreddy/Desktop/fundedmaster/crmsharkfunded/crmsharkfunded/backend/node_modules/express/lib/router/index.js:280:10)
    at cookieParser (/Users/viswanathreddy/Desktop/fundedmaster/crmsharkfunded/crmsharkfunded/backend/node_modules/cookie-parser/index.js:57:14)

[2026-01-29T05:07:06.400Z] ERROR: Not allowed by CORS
Error: Not allowed by CORS
    at origin (/Users/viswanathreddy/Desktop/fundedmaster/crmsharkfunded/crmsharkfunded/backend/src/server.ts:33:22)
    at /Users/viswanathreddy/Desktop/fundedmaster/crmsharkfunded/crmsharkfunded/backend/node_modules/cors/lib/index.js:219:13
    at optionsCallback (/Users/viswanathreddy/Desktop/fundedmaster/crmsharkfunded/crmsharkfunded/backend/node_modules/cors/lib/index.js:199:9)
    at corsMiddleware (/Users/viswanathreddy/Desktop/fundedmaster/crmsharkfunded/crmsharkfunded/backend/node_modules/cors/lib/index.js:204:7)
    at Layer.handle [as handle_request] (/Users/viswanathreddy/Desktop/fundedmaster/crmsharkfunded/crmsharkfunded/backend/node_modules/express/lib/router/layer.js:95:5)
    at trim_prefix (/Users/viswanathreddy/Desktop/fundedmaster/crmsharkfunded/crmsharkfunded/backend/node_modules/express/lib/router/index.js:328:13)
    at /Users/viswanathreddy/Desktop/fundedmaster/crmsharkfunded/crmsharkfunded/backend/node_modules/express/lib/router/index.js:286:9
    at router.process_params (/Users/viswanathreddy/Desktop/fundedmaster/crmsharkfunded/crmsharkfunded/backend/node_modules/express/lib/router/index.js:346:12)
    at next (/Users/viswanathreddy/Desktop/fundedmaster/crmsharkfunded/crmsharkfunded/backend/node_modules/express/lib/router/index.js:280:10)
    at cookieParser (/Users/viswanathreddy/Desktop/fundedmaster/crmsharkfunded/crmsharkfunded/backend/node_modules/cookie-parser/index.js:57:14)

[2026-01-29T05:07:06.401Z] ERROR: Not allowed by CORS
Error: Not allowed by CORS
    at origin (/Users/viswanathreddy/Desktop/fundedmaster/crmsharkfunded/crmsharkfunded/backend/src/server.ts:33:22)
    at /Users/viswanathreddy/Desktop/fundedmaster/crmsharkfunded/crmsharkfunded/backend/node_modules/cors/lib/index.js:219:13
    at optionsCallback (/Users/viswanathreddy/Desktop/fundedmaster/crmsharkfunded/crmsharkfunded/backend/node_modules/cors/lib/index.js:199:9)
    at corsMiddleware (/Users/viswanathreddy/Desktop/fundedmaster/crmsharkfunded/crmsharkfunded/backend/node_modules/cors/lib/index.js:204:7)
    at Layer.handle [as handle_request] (/Users/viswanathreddy/Desktop/fundedmaster/crmsharkfunded/crmsharkfunded/backend/node_modules/express/lib/router/layer.js:95:5)
    at trim_prefix (/Users/viswanathreddy/Desktop/fundedmaster/crmsharkfunded/crmsharkfunded/backend/node_modules/express/lib/router/index.js:328:13)
    at /Users/viswanathreddy/Desktop/fundedmaster/crmsharkfunded/crmsharkfunded/backend/node_modules/express/lib/router/index.js:286:9
    at router.process_params (/Users/viswanathreddy/Desktop/fundedmaster/crmsharkfunded/crmsharkfunded/backend/node_modules/express/lib/router/index.js:346:12)
    at next (/Users/viswanathreddy/Desktop/fundedmaster/crmsharkfunded/crmsharkfunded/backend/node_modules/express/lib/router/index.js:280:10)
    at cookieParser (/Users/viswanathreddy/Desktop/fundedmaster/crmsharkfunded/crmsharkfunded/backend/node_modules/cookie-parser/index.js:57:14)

[2026-01-29T05:07:07.208Z] ERROR: Not allowed by CORS
Error: Not allowed by CORS
    at origin (/Users/viswanathreddy/Desktop/fundedmaster/crmsharkfunded/crmsharkfunded/backend/src/server.ts:33:22)
    at /Users/viswanathreddy/Desktop/fundedmaster/crmsharkfunded/crmsharkfunded/backend/node_modules/cors/lib/index.js:219:13
    at optionsCallback (/Users/viswanathreddy/Desktop/fundedmaster/crmsharkfunded/crmsharkfunded/backend/node_modules/cors/lib/index.js:199:9)
    at corsMiddleware (/Users/viswanathreddy/Desktop/fundedmaster/crmsharkfunded/crmsharkfunded/backend/node_modules/cors/lib/index.js:204:7)
    at Layer.handle [as handle_request] (/Users/viswanathreddy/Desktop/fundedmaster/crmsharkfunded/crmsharkfunded/backend/node_modules/express/lib/router/layer.js:95:5)
    at trim_prefix (/Users/viswanathreddy/Desktop/fundedmaster/crmsharkfunded/crmsharkfunded/backend/node_modules/express/lib/router/index.js:328:13)
    at /Users/viswanathreddy/Desktop/fundedmaster/crmsharkfunded/crmsharkfunded/backend/node_modules/express/lib/router/index.js:286:9
    at router.process_params (/Users/viswanathreddy/Desktop/fundedmaster/crmsharkfunded/crmsharkfunded/backend/node_modules/express/lib/router/index.js:346:12)
    at next (/Users/viswanathreddy/Desktop/fundedmaster/crmsharkfunded/crmsharkfunded/backend/node_modules/express/lib/router/index.js:280:10)
    at cookieParser (/Users/viswanathreddy/Desktop/fundedmaster/crmsharkfunded/crmsharkfunded/backend/node_modules/cookie-parser/index.js:57:14)

[2026-01-29T05:07:07.209Z] ERROR: Not allowed by CORS
Error: Not allowed by CORS
    at origin (/Users/viswanathreddy/Desktop/fundedmaster/crmsharkfunded/crmsharkfunded/backend/src/server.ts:33:22)
    at /Users/viswanathreddy/Desktop/fundedmaster/crmsharkfunded/crmsharkfunded/backend/node_modules/cors/lib/index.js:219:13
    at optionsCallback (/Users/viswanathreddy/Desktop/fundedmaster/crmsharkfunded/crmsharkfunded/backend/node_modules/cors/lib/index.js:199:9)
    at corsMiddleware (/Users/viswanathreddy/Desktop/fundedmaster/crmsharkfunded/crmsharkfunded/backend/node_modules/cors/lib/index.js:204:7)
    at Layer.handle [as handle_request] (/Users/viswanathreddy/Desktop/fundedmaster/crmsharkfunded/crmsharkfunded/backend/node_modules/express/lib/router/layer.js:95:5)
    at trim_prefix (/Users/viswanathreddy/Desktop/fundedmaster/crmsharkfunded/crmsharkfunded/backend/node_modules/express/lib/router/index.js:328:13)
    at /Users/viswanathreddy/Desktop/fundedmaster/crmsharkfunded/crmsharkfunded/backend/node_modules/express/lib/router/index.js:286:9
    at router.process_params (/Users/viswanathreddy/Desktop/fundedmaster/crmsharkfunded/crmsharkfunded/backend/node_modules/express/lib/router/index.js:346:12)
    at next (/Users/viswanathreddy/Desktop/fundedmaster/crmsharkfunded/crmsharkfunded/backend/node_modules/express/lib/router/index.js:280:10)
    at cookieParser (/Users/viswanathreddy/Desktop/fundedmaster/crmsharkfunded/crmsharkfunded/backend/node_modules/cookie-parser/index.js:57:14)

[2026-01-29T05:07:11.122Z] ERROR: Not allowed by CORS
Error: Not allowed by CORS
    at origin (/Users/viswanathreddy/Desktop/fundedmaster/crmsharkfunded/crmsharkfunded/backend/src/server.ts:33:22)
    at /Users/viswanathreddy/Desktop/fundedmaster/crmsharkfunded/crmsharkfunded/backend/node_modules/cors/lib/index.js:219:13
    at optionsCallback (/Users/viswanathreddy/Desktop/fundedmaster/crmsharkfunded/crmsharkfunded/backend/node_modules/cors/lib/index.js:199:9)
    at corsMiddleware (/Users/viswanathreddy/Desktop/fundedmaster/crmsharkfunded/crmsharkfunded/backend/node_modules/cors/lib/index.js:204:7)
    at Layer.handle [as handle_request] (/Users/viswanathreddy/Desktop/fundedmaster/crmsharkfunded/crmsharkfunded/backend/node_modules/express/lib/router/layer.js:95:5)
    at trim_prefix (/Users/viswanathreddy/Desktop/fundedmaster/crmsharkfunded/crmsharkfunded/backend/node_modules/express/lib/router/index.js:328:13)
    at /Users/viswanathreddy/Desktop/fundedmaster/crmsharkfunded/crmsharkfunded/backend/node_modules/express/lib/router/index.js:286:9
    at router.process_params (/Users/viswanathreddy/Desktop/fundedmaster/crmsharkfunded/crmsharkfunded/backend/node_modules/express/lib/router/index.js:346:12)
    at next (/Users/viswanathreddy/Desktop/fundedmaster/crmsharkfunded/crmsharkfunded/backend/node_modules/express/lib/router/index.js:280:10)
    at cookieParser (/Users/viswanathreddy/Desktop/fundedmaster/crmsharkfunded/crmsharkfunded/backend/node_modules/cookie-parser/index.js:57:14)

[2026-01-29T05:07:11.131Z] ERROR: Not allowed by CORS
Error: Not allowed by CORS
    at origin (/Users/viswanathreddy/Desktop/fundedmaster/crmsharkfunded/crmsharkfunded/backend/src/server.ts:33:22)
    at /Users/viswanathreddy/Desktop/fundedmaster/crmsharkfunded/crmsharkfunded/backend/node_modules/cors/lib/index.js:219:13
    at optionsCallback (/Users/viswanathreddy/Desktop/fundedmaster/crmsharkfunded/crmsharkfunded/backend/node_modules/cors/lib/index.js:199:9)
    at corsMiddleware (/Users/viswanathreddy/Desktop/fundedmaster/crmsharkfunded/crmsharkfunded/backend/node_modules/cors/lib/index.js:204:7)
    at Layer.handle [as handle_request] (/Users/viswanathreddy/Desktop/fundedmaster/crmsharkfunded/crmsharkfunded/backend/node_modules/express/lib/router/layer.js:95:5)
    at trim_prefix (/Users/viswanathreddy/Desktop/fundedmaster/crmsharkfunded/crmsharkfunded/backend/node_modules/express/lib/router/index.js:328:13)
    at /Users/viswanathreddy/Desktop/fundedmaster/crmsharkfunded/crmsharkfunded/backend/node_modules/express/lib/router/index.js:286:9
    at router.process_params (/Users/viswanathreddy/Desktop/fundedmaster/crmsharkfunded/crmsharkfunded/backend/node_modules/express/lib/router/index.js:346:12)
    at next (/Users/viswanathreddy/Desktop/fundedmaster/crmsharkfunded/crmsharkfunded/backend/node_modules/express/lib/router/index.js:280:10)
    at cookieParser (/Users/viswanathreddy/Desktop/fundedmaster/crmsharkfunded/crmsharkfunded/backend/node_modules/cookie-parser/index.js:57:14)

[2026-01-29T05:09:13.062Z] ERROR: Not allowed by CORS
Error: Not allowed by CORS
    at origin (/Users/viswanathreddy/Desktop/fundedmaster/crmsharkfunded/crmsharkfunded/backend/src/server.ts:33:22)
    at /Users/viswanathreddy/Desktop/fundedmaster/crmsharkfunded/crmsharkfunded/backend/node_modules/cors/lib/index.js:219:13
    at optionsCallback (/Users/viswanathreddy/Desktop/fundedmaster/crmsharkfunded/crmsharkfunded/backend/node_modules/cors/lib/index.js:199:9)
    at corsMiddleware (/Users/viswanathreddy/Desktop/fundedmaster/crmsharkfunded/crmsharkfunded/backend/node_modules/cors/lib/index.js:204:7)
    at Layer.handle [as handle_request] (/Users/viswanathreddy/Desktop/fundedmaster/crmsharkfunded/crmsharkfunded/backend/node_modules/express/lib/router/layer.js:95:5)
    at trim_prefix (/Users/viswanathreddy/Desktop/fundedmaster/crmsharkfunded/crmsharkfunded/backend/node_modules/express/lib/router/index.js:328:13)
    at /Users/viswanathreddy/Desktop/fundedmaster/crmsharkfunded/crmsharkfunded/backend/node_modules/express/lib/router/index.js:286:9
    at router.process_params (/Users/viswanathreddy/Desktop/fundedmaster/crmsharkfunded/crmsharkfunded/backend/node_modules/express/lib/router/index.js:346:12)
    at next (/Users/viswanathreddy/Desktop/fundedmaster/crmsharkfunded/crmsharkfunded/backend/node_modules/express/lib/router/index.js:280:10)
    at cookieParser (/Users/viswanathreddy/Desktop/fundedmaster/crmsharkfunded/crmsharkfunded/backend/node_modules/cookie-parser/index.js:57:14)

[2026-01-29T05:09:13.066Z] ERROR: Not allowed by CORS
Error: Not allowed by CORS
    at origin (/Users/viswanathreddy/Desktop/fundedmaster/crmsharkfunded/crmsharkfunded/backend/src/server.ts:33:22)
    at /Users/viswanathreddy/Desktop/fundedmaster/crmsharkfunded/crmsharkfunded/backend/node_modules/cors/lib/index.js:219:13
    at optionsCallback (/Users/viswanathreddy/Desktop/fundedmaster/crmsharkfunded/crmsharkfunded/backend/node_modules/cors/lib/index.js:199:9)
    at corsMiddleware (/Users/viswanathreddy/Desktop/fundedmaster/crmsharkfunded/crmsharkfunded/backend/node_modules/cors/lib/index.js:204:7)
    at Layer.handle [as handle_request] (/Users/viswanathreddy/Desktop/fundedmaster/crmsharkfunded/crmsharkfunded/backend/node_modules/express/lib/router/layer.js:95:5)
    at trim_prefix (/Users/viswanathreddy/Desktop/fundedmaster/crmsharkfunded/crmsharkfunded/backend/node_modules/express/lib/router/index.js:328:13)
    at /Users/viswanathreddy/Desktop/fundedmaster/crmsharkfunded/crmsharkfunded/backend/node_modules/express/lib/router/index.js:286:9
    at router.process_params (/Users/viswanathreddy/Desktop/fundedmaster/crmsharkfunded/crmsharkfunded/backend/node_modules/express/lib/router/index.js:346:12)
    at next (/Users/viswanathreddy/Desktop/fundedmaster/crmsharkfunded/crmsharkfunded/backend/node_modules/express/lib/router/index.js:280:10)
    at cookieParser (/Users/viswanathreddy/Desktop/fundedmaster/crmsharkfunded/crmsharkfunded/backend/node_modules/cookie-parser/index.js:57:14)

